----------------------------------------------------------------
Fri Mar 25 23:55:14 CET 2016:
Booting Derby version The Apache Software Foundation - Apache Derby - 10.12.1.1 - (1704137): instance a816c00e-0153-affd-1fa9-000006bc2a08 
on database directory memory:C:\SKOLA\JAVA\LibraryManager\bookManagerImpl-test with class loader sun.misc.Launcher$AppClassLoader@75b84c92 
Loaded from file:/C:/Users/Adam/.m2/repository/org/apache/derby/derby/10.12.1.1/derby-10.12.1.1.jar
java.vendor=Oracle Corporation
java.runtime.version=1.8.0_60-b27
user.dir=C:\SKOLA\JAVA\LibraryManager
os.name=Windows 10
os.arch=amd64
os.version=10.0
derby.system.home=null
Database Class Loader started - derby.database.classpath=''
----------------------------------------------------------------
Fri Mar 25 23:55:16 CET 2016:
Booting Derby version The Apache Software Foundation - Apache Derby - 10.12.1.1 - (1704137): instance b621c22b-0153-affd-1fa9-000006bc2a08 
on database directory memory:C:\SKOLA\JAVA\LibraryManager\customerManagerImpl-test with class loader sun.misc.Launcher$AppClassLoader@75b84c92 
Loaded from file:/C:/Users/Adam/.m2/repository/org/apache/derby/derby/10.12.1.1/derby-10.12.1.1.jar
java.vendor=Oracle Corporation
java.runtime.version=1.8.0_60-b27
user.dir=C:\SKOLA\JAVA\LibraryManager
os.name=Windows 10
os.arch=amd64
os.version=10.0
derby.system.home=null
Database Class Loader started - derby.database.classpath=''
